<?xml version="1.0" encoding="UTF-8"?>
<!-- Generated by org.testng.reporters.JUnitReportReporter -->
<testsuite hostname="atapardea-PC" name="basics" tests="1" failures="0" timestamp="22 Aug 2017 21:35:19 GMT" time="2.379" errors="0">
  <testcase name="firstTest" time="2.379" classname="basics"/>
</testsuite> <!-- basics -->
